> n_trainable_params: 2525703, n_nontrainable_params: 1375500
> training arguments:
>>> model_name: atae_lstm
>>> dataset: restaurant
>>> optimizer: <class 'torch.optim.adam.Adam'>
>>> initializer: <function xavier_uniform_ at 0x12a9600d0>
>>> lr: 2e-05
>>> dropout: 0.1
>>> l2reg: 0.01
>>> num_epoch: 50
>>> batch_size: 4
>>> log_step: 10
>>> embed_dim: 300
>>> hidden_dim: 300
>>> max_seq_len: 85
>>> polarities_dim: 3
>>> hops: 3
>>> patience: 5
>>> device: cpu
>>> seed: 1234
>>> valset_ratio: 0
>>> model_class: <class 'models.atae_lstm.ATAE_LSTM'>
>>> dataset_file: {'train': '../datasets/semeval14/Restaurants_Train.xml.seg', 'test': '../datasets/semeval14/Restaurants_Test_Gold.xml.seg'}
>>> inputs_cols: ['text_indices', 'aspect_indices']
>>>>>>>>>>>>>>>>>>>>>>>>>>>>>>>>>>>>>>>>>>>>>>>>>>>>>>>>>>>>>>>>>>>>>>>>>>>>>>>>>>>>>>>>>>>>>>>>>>>>
epoch: 0
loss: 1.0749, acc: 0.4750
loss: 1.0806, acc: 0.4625
loss: 1.0782, acc: 0.4833
loss: 1.0743, acc: 0.5125
loss: 1.0713, acc: 0.5450
loss: 1.0676, acc: 0.5625
loss: 1.0644, acc: 0.5714
loss: 1.0630, acc: 0.5656
loss: 1.0585, acc: 0.5806
loss: 1.0558, acc: 0.5875
loss: 1.0535, acc: 0.5909
loss: 1.0550, acc: 0.5813
loss: 1.0550, acc: 0.5769
loss: 1.0509, acc: 0.5857
loss: 1.0499, acc: 0.5850
loss: 1.0499, acc: 0.5859
loss: 1.0441, acc: 0.5941
loss: 1.0435, acc: 0.5931
loss: 1.0385, acc: 0.6000
loss: 1.0380, acc: 0.6000
loss: 1.0363, acc: 0.5988
loss: 1.0345, acc: 0.6000
loss: 1.0360, acc: 0.5957
loss: 1.0324, acc: 0.6000
loss: 1.0302, acc: 0.6000
loss: 1.0271, acc: 0.6019
loss: 1.0255, acc: 0.6028
loss: 1.0268, acc: 0.6009
loss: 1.0266, acc: 0.5983
loss: 1.0261, acc: 0.5975
loss: 1.0265, acc: 0.5960
loss: 1.0241, acc: 0.5984
loss: 1.0216, acc: 0.6008
loss: 1.0245, acc: 0.5949
loss: 1.0222, acc: 0.5964
loss: 1.0212, acc: 0.5951
loss: 1.0206, acc: 0.5953
loss: 1.0205, acc: 0.5947
loss: 1.0212, acc: 0.5917
loss: 1.0193, acc: 0.5931
loss: 1.0201, acc: 0.5902
loss: 1.0203, acc: 0.5893
loss: 1.0164, acc: 0.5924
loss: 1.0134, acc: 0.5955
loss: 1.0132, acc: 0.5944
loss: 1.0135, acc: 0.5935
loss: 1.0121, acc: 0.5947
loss: 1.0109, acc: 0.5943
loss: 1.0116, acc: 0.5929
loss: 1.0137, acc: 0.5900
loss: 1.0133, acc: 0.5892
loss: 1.0120, acc: 0.5894
loss: 1.0104, acc: 0.5896
loss: 1.0084, acc: 0.5907
loss: 1.0079, acc: 0.5909
loss: 1.0085, acc: 0.5902
loss: 1.0072, acc: 0.5908
loss: 1.0073, acc: 0.5892
loss: 1.0055, acc: 0.5907
loss: 1.0046, acc: 0.5913
loss: 1.0036, acc: 0.5918
loss: 1.0031, acc: 0.5923
loss: 1.0034, acc: 0.5913
loss: 1.0000, acc: 0.5938
loss: 0.9998, acc: 0.5927
loss: 0.9999, acc: 0.5913
loss: 0.9987, acc: 0.5918
loss: 0.9984, acc: 0.5915
loss: 0.9964, acc: 0.5931
loss: 0.9971, acc: 0.5918
loss: 0.9985, acc: 0.5898
loss: 0.9964, acc: 0.5917
loss: 0.9960, acc: 0.5918
loss: 0.9939, acc: 0.5939
loss: 0.9905, acc: 0.5963
loss: 0.9889, acc: 0.5964
loss: 0.9863, acc: 0.5977
loss: 0.9855, acc: 0.5974
loss: 0.9873, acc: 0.5949
loss: 0.9874, acc: 0.5950
loss: 0.9884, acc: 0.5938
loss: 0.9883, acc: 0.5936
loss: 0.9870, acc: 0.5943
loss: 0.9864, acc: 0.5943
loss: 0.9860, acc: 0.5941
loss: 0.9855, acc: 0.5942
loss: 0.9845, acc: 0.5945
loss: 0.9835, acc: 0.5949
loss: 0.9819, acc: 0.5961
loss: 0.9803, acc: 0.5969
> val_acc: 0.6500, val_f1: 0.2626
>> saved: output/train/state_dict/atae_lstm_restaurant_val_acc_0.65_e0
>>>>>>>>>>>>>>>>>>>>>>>>>>>>>>>>>>>>>>>>>>>>>>>>>>>>>>>>>>>>>>>>>>>>>>>>>>>>>>>>>>>>>>>>>>>>>>>>>>>>
epoch: 1
loss: 0.9426, acc: 0.5625
loss: 0.8573, acc: 0.6389
loss: 0.8827, acc: 0.6250
loss: 0.8832, acc: 0.6250
loss: 0.8597, acc: 0.6458
loss: 0.8712, acc: 0.6336
loss: 0.8985, acc: 0.6140
loss: 0.8935, acc: 0.6154
loss: 0.8999, acc: 0.6108
loss: 0.9081, acc: 0.6071
loss: 0.9278, acc: 0.5880
loss: 0.9318, acc: 0.5826
loss: 0.9284, acc: 0.5840
loss: 0.9311, acc: 0.5815
loss: 0.9373, acc: 0.5760
loss: 0.9374, acc: 0.5775
loss: 0.9322, acc: 0.5833
loss: 0.9318, acc: 0.5829
loss: 0.9220, acc: 0.5931
loss: 0.9214, acc: 0.5934
loss: 0.9224, acc: 0.5938
loss: 0.9188, acc: 0.5963
loss: 0.9184, acc: 0.5965
loss: 0.9268, acc: 0.5882
loss: 0.9197, acc: 0.5948
loss: 0.9245, acc: 0.5911
loss: 0.9272, acc: 0.5877
loss: 0.9281, acc: 0.5863
loss: 0.9272, acc: 0.5868
loss: 0.9256, acc: 0.5889
loss: 0.9193, acc: 0.5950
loss: 0.9192, acc: 0.5943
loss: 0.9178, acc: 0.5953
loss: 0.9176, acc: 0.5954
loss: 0.9243, acc: 0.5898
loss: 0.9238, acc: 0.5901
loss: 0.9214, acc: 0.5917
loss: 0.9205, acc: 0.5919
loss: 0.9212, acc: 0.5902
loss: 0.9165, acc: 0.5955
loss: 0.9163, acc: 0.5950
loss: 0.9161, acc: 0.5945
loss: 0.9175, acc: 0.5929
loss: 0.9169, acc: 0.5936
loss: 0.9138, acc: 0.5960
loss: 0.9106, acc: 0.5988
loss: 0.9069, acc: 0.6020
loss: 0.9086, acc: 0.6004
loss: 0.9072, acc: 0.6019
loss: 0.9047, acc: 0.6039
loss: 0.9051, acc: 0.6033
loss: 0.9044, acc: 0.6038
loss: 0.9070, acc: 0.6018
loss: 0.9063, acc: 0.6022
loss: 0.9088, acc: 0.5995
loss: 0.9080, acc: 0.6004
loss: 0.9059, acc: 0.6030
loss: 0.9062, acc: 0.6029
loss: 0.9044, acc: 0.6037
loss: 0.9042, acc: 0.6045
loss: 0.9017, acc: 0.6061
loss: 0.9009, acc: 0.6056
loss: 0.9003, acc: 0.6055
loss: 0.9038, acc: 0.6019
loss: 0.9047, acc: 0.6015
loss: 0.9046, acc: 0.6011
loss: 0.9058, acc: 0.5988
loss: 0.9050, acc: 0.5985
loss: 0.9048, acc: 0.5988
loss: 0.9064, acc: 0.5971
loss: 0.9066, acc: 0.5960
loss: 0.9061, acc: 0.5968
loss: 0.9051, acc: 0.5979
loss: 0.9034, acc: 0.5986
loss: 0.9018, acc: 0.5999
loss: 0.9006, acc: 0.6009
loss: 0.9000, acc: 0.6009
loss: 0.8989, acc: 0.6015
loss: 0.8994, acc: 0.6009
loss: 0.8997, acc: 0.6009
loss: 0.8993, acc: 0.6015
loss: 0.8974, acc: 0.6030
loss: 0.8978, acc: 0.6021
loss: 0.8958, acc: 0.6035
loss: 0.8970, acc: 0.6020
loss: 0.8985, acc: 0.6002
loss: 0.8970, acc: 0.6005
loss: 0.8969, acc: 0.6005
loss: 0.8981, acc: 0.5994
loss: 0.8986, acc: 0.5991
> val_acc: 0.6527, val_f1: 0.2732
>> saved: output/train/state_dict/atae_lstm_restaurant_val_acc_0.6527_e1
>>>>>>>>>>>>>>>>>>>>>>>>>>>>>>>>>>>>>>>>>>>>>>>>>>>>>>>>>>>>>>>>>>>>>>>>>>>>>>>>>>>>>>>>>>>>>>>>>>>>
epoch: 2
loss: 0.7279, acc: 0.7500
loss: 0.7557, acc: 0.7188
loss: 0.8085, acc: 0.6442
loss: 0.8394, acc: 0.6319
loss: 0.8526, acc: 0.6250
loss: 0.8746, acc: 0.5938
loss: 0.8761, acc: 0.5985
loss: 0.8739, acc: 0.6020
loss: 0.8559, acc: 0.6105
loss: 0.8487, acc: 0.6120
loss: 0.8543, acc: 0.6108
loss: 0.8603, acc: 0.6078
loss: 0.8567, acc: 0.6111
loss: 0.8527, acc: 0.6121
loss: 0.8469, acc: 0.6147
loss: 0.8583, acc: 0.6058
loss: 0.8602, acc: 0.6054
loss: 0.8567, acc: 0.6080
loss: 0.8617, acc: 0.6062
loss: 0.8616, acc: 0.6059
loss: 0.8612, acc: 0.6068
loss: 0.8564, acc: 0.6100
loss: 0.8565, acc: 0.6084
loss: 0.8575, acc: 0.6070
loss: 0.8576, acc: 0.6067
loss: 0.8586, acc: 0.6074
loss: 0.8597, acc: 0.6062
loss: 0.8596, acc: 0.6060
loss: 0.8572, acc: 0.6075
loss: 0.8549, acc: 0.6098
loss: 0.8539, acc: 0.6111
loss: 0.8510, acc: 0.6123
loss: 0.8539, acc: 0.6089
loss: 0.8524, acc: 0.6109
loss: 0.8492, acc: 0.6120
loss: 0.8478, acc: 0.6145
loss: 0.8486, acc: 0.6134
loss: 0.8479, acc: 0.6124
loss: 0.8482, acc: 0.6120
loss: 0.8467, acc: 0.6136
loss: 0.8432, acc: 0.6151
loss: 0.8416, acc: 0.6154
loss: 0.8417, acc: 0.6138
loss: 0.8403, acc: 0.6141
loss: 0.8363, acc: 0.6177
loss: 0.8388, acc: 0.6162
loss: 0.8374, acc: 0.6164
loss: 0.8380, acc: 0.6161
loss: 0.8380, acc: 0.6168
loss: 0.8373, acc: 0.6169
loss: 0.8381, acc: 0.6156
loss: 0.8367, acc: 0.6172
loss: 0.8372, acc: 0.6174
loss: 0.8376, acc: 0.6185
loss: 0.8366, acc: 0.6195
loss: 0.8358, acc: 0.6210
loss: 0.8357, acc: 0.6223
loss: 0.8358, acc: 0.6215
loss: 0.8376, acc: 0.6195
loss: 0.8365, acc: 0.6208
loss: 0.8356, acc: 0.6213
loss: 0.8346, acc: 0.6222
loss: 0.8348, acc: 0.6222
loss: 0.8359, acc: 0.6211
loss: 0.8346, acc: 0.6231
loss: 0.8333, acc: 0.6246
loss: 0.8305, acc: 0.6261
loss: 0.8299, acc: 0.6268
loss: 0.8311, acc: 0.6261
loss: 0.8311, acc: 0.6261
loss: 0.8314, acc: 0.6264
loss: 0.8304, acc: 0.6267
loss: 0.8289, acc: 0.6278
loss: 0.8297, acc: 0.6274
loss: 0.8288, acc: 0.6284
loss: 0.8295, acc: 0.6276
loss: 0.8292, acc: 0.6276
loss: 0.8298, acc: 0.6260
loss: 0.8293, acc: 0.6260
loss: 0.8284, acc: 0.6266
loss: 0.8276, acc: 0.6266
loss: 0.8273, acc: 0.6271
loss: 0.8269, acc: 0.6271
loss: 0.8250, acc: 0.6283
loss: 0.8251, acc: 0.6283
loss: 0.8239, acc: 0.6300
loss: 0.8247, acc: 0.6296
loss: 0.8251, acc: 0.6293
loss: 0.8242, acc: 0.6301
loss: 0.8230, acc: 0.6311
> val_acc: 0.6937, val_f1: 0.4443
>> saved: output/train/state_dict/atae_lstm_restaurant_val_acc_0.6937_e2
>>>>>>>>>>>>>>>>>>>>>>>>>>>>>>>>>>>>>>>>>>>>>>>>>>>>>>>>>>>>>>>>>>>>>>>>>>>>>>>>>>>>>>>>>>>>>>>>>>>>
epoch: 3
loss: 1.0003, acc: 0.3750
loss: 0.7102, acc: 0.6429
loss: 0.7425, acc: 0.6354
loss: 0.7533, acc: 0.6176
loss: 0.7965, acc: 0.6023
loss: 0.7712, acc: 0.6296
loss: 0.7500, acc: 0.6484
loss: 0.7452, acc: 0.6520
loss: 0.7491, acc: 0.6488
loss: 0.7487, acc: 0.6463
loss: 0.7351, acc: 0.6635
loss: 0.7281, acc: 0.6689
loss: 0.7217, acc: 0.6794
loss: 0.7121, acc: 0.6847
loss: 0.7288, acc: 0.6753
loss: 0.7498, acc: 0.6623
loss: 0.7494, acc: 0.6692
loss: 0.7485, acc: 0.6724
loss: 0.7534, acc: 0.6685
loss: 0.7693, acc: 0.6624
loss: 0.7719, acc: 0.6593
loss: 0.7730, acc: 0.6565
loss: 0.7718, acc: 0.6596
loss: 0.7753, acc: 0.6549
loss: 0.7726, acc: 0.6588
loss: 0.7740, acc: 0.6545
loss: 0.7764, acc: 0.6544
loss: 0.7747, acc: 0.6533
loss: 0.7742, acc: 0.6540
loss: 0.7647, acc: 0.6616
loss: 0.7682, acc: 0.6620
loss: 0.7694, acc: 0.6624
loss: 0.7732, acc: 0.6620
loss: 0.7745, acc: 0.6609
loss: 0.7775, acc: 0.6606
loss: 0.7757, acc: 0.6624
loss: 0.7725, acc: 0.6655
loss: 0.7700, acc: 0.6664
loss: 0.7676, acc: 0.6680
loss: 0.7679, acc: 0.6675
loss: 0.7661, acc: 0.6683
loss: 0.7696, acc: 0.6636
loss: 0.7683, acc: 0.6645
loss: 0.7668, acc: 0.6642
loss: 0.7703, acc: 0.6622
loss: 0.7701, acc: 0.6619
loss: 0.7673, acc: 0.6627
loss: 0.7656, acc: 0.6630
loss: 0.7652, acc: 0.6637
loss: 0.7637, acc: 0.6640
loss: 0.7631, acc: 0.6637
loss: 0.7602, acc: 0.6654
loss: 0.7603, acc: 0.6660
loss: 0.7587, acc: 0.6671
loss: 0.7572, acc: 0.6673
loss: 0.7623, acc: 0.6647
loss: 0.7632, acc: 0.6636
loss: 0.7608, acc: 0.6646
loss: 0.7585, acc: 0.6661
loss: 0.7585, acc: 0.6662
loss: 0.7583, acc: 0.6672
loss: 0.7564, acc: 0.6686
loss: 0.7588, acc: 0.6675
loss: 0.7596, acc: 0.6676
loss: 0.7580, acc: 0.6681
loss: 0.7579, acc: 0.6667
loss: 0.7578, acc: 0.6660
loss: 0.7558, acc: 0.6673
loss: 0.7585, acc: 0.6659
loss: 0.7593, acc: 0.6668
loss: 0.7598, acc: 0.6665
loss: 0.7581, acc: 0.6688
loss: 0.7586, acc: 0.6695
loss: 0.7581, acc: 0.6703
loss: 0.7580, acc: 0.6697
loss: 0.7561, acc: 0.6711
loss: 0.7562, acc: 0.6708
loss: 0.7549, acc: 0.6712
loss: 0.7535, acc: 0.6716
loss: 0.7532, acc: 0.6719
loss: 0.7534, acc: 0.6720
loss: 0.7525, acc: 0.6729
loss: 0.7514, acc: 0.6735
loss: 0.7508, acc: 0.6739
loss: 0.7538, acc: 0.6715
loss: 0.7558, acc: 0.6713
loss: 0.7557, acc: 0.6710
loss: 0.7554, acc: 0.6705
loss: 0.7547, acc: 0.6714
loss: 0.7548, acc: 0.6711
> val_acc: 0.7080, val_f1: 0.5078
>> saved: output/train/state_dict/atae_lstm_restaurant_val_acc_0.708_e3
>>>>>>>>>>>>>>>>>>>>>>>>>>>>>>>>>>>>>>>>>>>>>>>>>>>>>>>>>>>>>>>>>>>>>>>>>>>>>>>>>>>>>>>>>>>>>>>>>>>>
epoch: 4
loss: 0.6496, acc: 0.6250
loss: 0.7268, acc: 0.6875
loss: 0.7529, acc: 0.6477
loss: 0.7541, acc: 0.6562
loss: 0.7585, acc: 0.6429
loss: 0.7785, acc: 0.6298
loss: 0.7707, acc: 0.6290
loss: 0.7760, acc: 0.6319
loss: 0.7758, acc: 0.6341
loss: 0.7677, acc: 0.6440
loss: 0.7539, acc: 0.6593
loss: 0.7535, acc: 0.6585
loss: 0.7534, acc: 0.6598
loss: 0.7407, acc: 0.6686
loss: 0.7289, acc: 0.6761
loss: 0.7384, acc: 0.6760
loss: 0.7305, acc: 0.6806
loss: 0.7299, acc: 0.6817
loss: 0.7370, acc: 0.6786
loss: 0.7353, acc: 0.6797
loss: 0.7327, acc: 0.6795
loss: 0.7336, acc: 0.6804
loss: 0.7264, acc: 0.6813
loss: 0.7177, acc: 0.6864
loss: 0.7128, acc: 0.6911
loss: 0.7032, acc: 0.6974
loss: 0.7071, acc: 0.6985
loss: 0.7141, acc: 0.6939
loss: 0.7171, acc: 0.6915
loss: 0.7188, acc: 0.6935
loss: 0.7224, acc: 0.6904
loss: 0.7230, acc: 0.6891
loss: 0.7253, acc: 0.6871
loss: 0.7220, acc: 0.6898
loss: 0.7244, acc: 0.6901
loss: 0.7229, acc: 0.6896
loss: 0.7217, acc: 0.6892
loss: 0.7235, acc: 0.6909
loss: 0.7244, acc: 0.6904
loss: 0.7265, acc: 0.6881
loss: 0.7283, acc: 0.6847
loss: 0.7256, acc: 0.6869
loss: 0.7244, acc: 0.6878
loss: 0.7197, acc: 0.6904
loss: 0.7155, acc: 0.6929
loss: 0.7173, acc: 0.6919
loss: 0.7122, acc: 0.6953
loss: 0.7129, acc: 0.6939
loss: 0.7103, acc: 0.6955
loss: 0.7098, acc: 0.6951
loss: 0.7099, acc: 0.6942
loss: 0.7084, acc: 0.6943
loss: 0.7090, acc: 0.6930
loss: 0.7128, acc: 0.6908
loss: 0.7123, acc: 0.6910
loss: 0.7134, acc: 0.6920
loss: 0.7138, acc: 0.6908
loss: 0.7162, acc: 0.6892
loss: 0.7175, acc: 0.6890
loss: 0.7161, acc: 0.6896
loss: 0.7151, acc: 0.6902
loss: 0.7135, acc: 0.6916
loss: 0.7119, acc: 0.6921
loss: 0.7130, acc: 0.6922
loss: 0.7165, acc: 0.6896
loss: 0.7157, acc: 0.6890
loss: 0.7162, acc: 0.6884
loss: 0.7164, acc: 0.6886
loss: 0.7154, acc: 0.6899
loss: 0.7143, acc: 0.6908
loss: 0.7163, acc: 0.6905
loss: 0.7164, acc: 0.6896
loss: 0.7171, acc: 0.6891
loss: 0.7161, acc: 0.6909
loss: 0.7184, acc: 0.6907
loss: 0.7179, acc: 0.6915
loss: 0.7170, acc: 0.6919
loss: 0.7182, acc: 0.6911
loss: 0.7190, acc: 0.6915
loss: 0.7190, acc: 0.6913
loss: 0.7182, acc: 0.6917
loss: 0.7191, acc: 0.6906
loss: 0.7188, acc: 0.6904
loss: 0.7203, acc: 0.6896
loss: 0.7211, acc: 0.6897
loss: 0.7214, acc: 0.6898
loss: 0.7205, acc: 0.6908
loss: 0.7202, acc: 0.6909
loss: 0.7199, acc: 0.6913
loss: 0.7192, acc: 0.6917
loss: 0.7202, acc: 0.6910
> val_acc: 0.7196, val_f1: 0.5291
>> saved: output/train/state_dict/atae_lstm_restaurant_val_acc_0.7196_e4
>>>>>>>>>>>>>>>>>>>>>>>>>>>>>>>>>>>>>>>>>>>>>>>>>>>>>>>>>>>>>>>>>>>>>>>>>>>>>>>>>>>>>>>>>>>>>>>>>>>>
epoch: 5
loss: 0.6228, acc: 0.7000
loss: 0.7189, acc: 0.6625
loss: 0.7124, acc: 0.6833
loss: 0.6995, acc: 0.6937
loss: 0.7014, acc: 0.6950
loss: 0.6814, acc: 0.7083
loss: 0.6895, acc: 0.7143
loss: 0.6898, acc: 0.7156
loss: 0.6962, acc: 0.7139
loss: 0.7010, acc: 0.7150
loss: 0.6977, acc: 0.7159
loss: 0.6961, acc: 0.7104
loss: 0.6971, acc: 0.7077
loss: 0.6937, acc: 0.7036
loss: 0.6927, acc: 0.7067
loss: 0.6888, acc: 0.7078
loss: 0.6836, acc: 0.7103
loss: 0.6898, acc: 0.7000
loss: 0.6979, acc: 0.6934
loss: 0.6988, acc: 0.6950
loss: 0.6929, acc: 0.6964
loss: 0.6969, acc: 0.6955
loss: 0.6992, acc: 0.6935
loss: 0.6972, acc: 0.6958
loss: 0.6966, acc: 0.6960
loss: 0.6994, acc: 0.6942
loss: 0.6950, acc: 0.6991
loss: 0.6914, acc: 0.7009
loss: 0.6872, acc: 0.7009
loss: 0.6931, acc: 0.7017
loss: 0.6896, acc: 0.7040
loss: 0.6905, acc: 0.7039
loss: 0.6852, acc: 0.7083
loss: 0.6885, acc: 0.7081
loss: 0.6898, acc: 0.7086
loss: 0.6859, acc: 0.7104
loss: 0.6846, acc: 0.7101
loss: 0.6833, acc: 0.7105
loss: 0.6815, acc: 0.7135
loss: 0.6824, acc: 0.7113
loss: 0.6840, acc: 0.7098
loss: 0.6849, acc: 0.7095
loss: 0.6849, acc: 0.7081
loss: 0.6855, acc: 0.7091
loss: 0.6843, acc: 0.7094
loss: 0.6865, acc: 0.7087
loss: 0.6849, acc: 0.7112
loss: 0.6842, acc: 0.7120
loss: 0.6874, acc: 0.7087
loss: 0.6890, acc: 0.7080
loss: 0.6874, acc: 0.7088
loss: 0.6905, acc: 0.7072
loss: 0.6901, acc: 0.7085
loss: 0.6889, acc: 0.7083
loss: 0.6893, acc: 0.7082
loss: 0.6886, acc: 0.7089
loss: 0.6852, acc: 0.7114
loss: 0.6908, acc: 0.7073
loss: 0.6899, acc: 0.7076
loss: 0.6895, acc: 0.7075
loss: 0.6923, acc: 0.7045
loss: 0.6936, acc: 0.7040
loss: 0.6930, acc: 0.7048
loss: 0.6916, acc: 0.7055
loss: 0.6910, acc: 0.7054
loss: 0.6920, acc: 0.7042
loss: 0.6927, acc: 0.7049
loss: 0.6913, acc: 0.7066
loss: 0.6922, acc: 0.7069
loss: 0.6916, acc: 0.7075
loss: 0.6936, acc: 0.7067
loss: 0.6941, acc: 0.7069
loss: 0.6951, acc: 0.7072
loss: 0.6964, acc: 0.7064
loss: 0.6981, acc: 0.7050
loss: 0.6969, acc: 0.7046
loss: 0.6970, acc: 0.7049
loss: 0.6988, acc: 0.7045
loss: 0.6978, acc: 0.7054
loss: 0.6985, acc: 0.7053
loss: 0.6985, acc: 0.7052
loss: 0.6990, acc: 0.7049
loss: 0.6973, acc: 0.7060
loss: 0.6955, acc: 0.7068
loss: 0.6952, acc: 0.7071
loss: 0.6976, acc: 0.7055
loss: 0.6972, acc: 0.7052
loss: 0.6981, acc: 0.7054
loss: 0.6979, acc: 0.7062
loss: 0.6976, acc: 0.7064
> val_acc: 0.7268, val_f1: 0.5529
>> saved: output/train/state_dict/atae_lstm_restaurant_val_acc_0.7268_e5
>>>>>>>>>>>>>>>>>>>>>>>>>>>>>>>>>>>>>>>>>>>>>>>>>>>>>>>>>>>>>>>>>>>>>>>>>>>>>>>>>>>>>>>>>>>>>>>>>>>>
epoch: 6
loss: 0.6449, acc: 0.7500
loss: 0.7753, acc: 0.6528
loss: 0.7287, acc: 0.6786
loss: 0.7463, acc: 0.6447
loss: 0.7301, acc: 0.6719
loss: 0.7417, acc: 0.6724
loss: 0.7136, acc: 0.6949
loss: 0.7122, acc: 0.6891
loss: 0.7125, acc: 0.6932
loss: 0.7184, acc: 0.6888
loss: 0.7185, acc: 0.6806
loss: 0.7109, acc: 0.6822
loss: 0.7102, acc: 0.6816
loss: 0.7165, acc: 0.6866
loss: 0.7155, acc: 0.6841
loss: 0.7115, acc: 0.6915
loss: 0.7049, acc: 0.6935
loss: 0.7014, acc: 0.6966
loss: 0.6976, acc: 0.6968
loss: 0.6969, acc: 0.6970
loss: 0.6956, acc: 0.6959
loss: 0.6980, acc: 0.6950
loss: 0.6925, acc: 0.6974
loss: 0.6885, acc: 0.7006
loss: 0.6850, acc: 0.7006
loss: 0.6786, acc: 0.7035
loss: 0.6768, acc: 0.7052
loss: 0.6753, acc: 0.7068
loss: 0.6796, acc: 0.7066
loss: 0.6814, acc: 0.7039
loss: 0.6808, acc: 0.7021
loss: 0.6753, acc: 0.7083
loss: 0.6750, acc: 0.7066
loss: 0.6717, acc: 0.7093
loss: 0.6672, acc: 0.7134
loss: 0.6686, acc: 0.7137
loss: 0.6704, acc: 0.7113
loss: 0.6691, acc: 0.7130
loss: 0.6684, acc: 0.7152
loss: 0.6684, acc: 0.7155
loss: 0.6664, acc: 0.7151
loss: 0.6661, acc: 0.7147
loss: 0.6636, acc: 0.7161
loss: 0.6620, acc: 0.7169
loss: 0.6668, acc: 0.7143
loss: 0.6648, acc: 0.7156
loss: 0.6665, acc: 0.7142
loss: 0.6626, acc: 0.7171
loss: 0.6611, acc: 0.7177
loss: 0.6642, acc: 0.7149
loss: 0.6653, acc: 0.7151
loss: 0.6649, acc: 0.7162
loss: 0.6653, acc: 0.7164
loss: 0.6676, acc: 0.7151
loss: 0.6670, acc: 0.7158
loss: 0.6665, acc: 0.7159
loss: 0.6673, acc: 0.7139
loss: 0.6657, acc: 0.7150
loss: 0.6647, acc: 0.7164
loss: 0.6641, acc: 0.7161
loss: 0.6683, acc: 0.7134
loss: 0.6680, acc: 0.7144
loss: 0.6673, acc: 0.7146
loss: 0.6677, acc: 0.7128
loss: 0.6670, acc: 0.7118
loss: 0.6662, acc: 0.7128
loss: 0.6634, acc: 0.7152
loss: 0.6633, acc: 0.7153
loss: 0.6631, acc: 0.7151
loss: 0.6666, acc: 0.7138
loss: 0.6685, acc: 0.7126
loss: 0.6701, acc: 0.7120
loss: 0.6718, acc: 0.7109
loss: 0.6736, acc: 0.7104
loss: 0.6729, acc: 0.7099
loss: 0.6724, acc: 0.7108
loss: 0.6739, acc: 0.7090
loss: 0.6761, acc: 0.7076
loss: 0.6763, acc: 0.7078
loss: 0.6765, acc: 0.7077
loss: 0.6780, acc: 0.7067
loss: 0.6812, acc: 0.7042
loss: 0.6808, acc: 0.7047
loss: 0.6809, acc: 0.7047
loss: 0.6798, acc: 0.7058
loss: 0.6789, acc: 0.7060
loss: 0.6787, acc: 0.7068
loss: 0.6772, acc: 0.7079
loss: 0.6774, acc: 0.7078
loss: 0.6775, acc: 0.7074
> val_acc: 0.7179, val_f1: 0.5182
>>>>>>>>>>>>>>>>>>>>>>>>>>>>>>>>>>>>>>>>>>>>>>>>>>>>>>>>>>>>>>>>>>>>>>>>>>>>>>>>>>>>>>>>>>>>>>>>>>>>
epoch: 7
loss: 0.9724, acc: 0.5417
loss: 0.7275, acc: 0.6719
loss: 0.6731, acc: 0.7212
loss: 0.6774, acc: 0.7153
loss: 0.7048, acc: 0.7011
loss: 0.6870, acc: 0.7009
loss: 0.6974, acc: 0.6856
loss: 0.6995, acc: 0.6842
loss: 0.6967, acc: 0.6948
loss: 0.6745, acc: 0.7031
loss: 0.6554, acc: 0.7123
loss: 0.6619, acc: 0.7047
loss: 0.6567, acc: 0.7123
loss: 0.6486, acc: 0.7188
loss: 0.6615, acc: 0.7140
loss: 0.6638, acc: 0.7115
loss: 0.6781, acc: 0.7048
loss: 0.6731, acc: 0.7074
loss: 0.6770, acc: 0.7110
loss: 0.6717, acc: 0.7117
loss: 0.6710, acc: 0.7124
loss: 0.6687, acc: 0.7153
loss: 0.6647, acc: 0.7168
loss: 0.6736, acc: 0.7119
loss: 0.6766, acc: 0.7114
loss: 0.6740, acc: 0.7148
loss: 0.6698, acc: 0.7162
loss: 0.6621, acc: 0.7210
loss: 0.6687, acc: 0.7159
loss: 0.6689, acc: 0.7171
loss: 0.6712, acc: 0.7149
loss: 0.6688, acc: 0.7152
loss: 0.6711, acc: 0.7140
loss: 0.6758, acc: 0.7128
loss: 0.6764, acc: 0.7117
loss: 0.6741, acc: 0.7121
loss: 0.6699, acc: 0.7158
loss: 0.6651, acc: 0.7188
loss: 0.6631, acc: 0.7202
loss: 0.6627, acc: 0.7191
loss: 0.6626, acc: 0.7174
loss: 0.6648, acc: 0.7151
loss: 0.6685, acc: 0.7124
loss: 0.6693, acc: 0.7133
loss: 0.6692, acc: 0.7130
loss: 0.6667, acc: 0.7149
loss: 0.6634, acc: 0.7167
loss: 0.6626, acc: 0.7174
loss: 0.6599, acc: 0.7181
loss: 0.6623, acc: 0.7172
loss: 0.6644, acc: 0.7154
loss: 0.6642, acc: 0.7156
loss: 0.6647, acc: 0.7163
loss: 0.6658, acc: 0.7164
loss: 0.6674, acc: 0.7147
loss: 0.6665, acc: 0.7163
loss: 0.6653, acc: 0.7169
loss: 0.6647, acc: 0.7179
loss: 0.6656, acc: 0.7167
loss: 0.6666, acc: 0.7169
loss: 0.6626, acc: 0.7191
loss: 0.6615, acc: 0.7196
loss: 0.6612, acc: 0.7188
loss: 0.6604, acc: 0.7189
loss: 0.6618, acc: 0.7179
loss: 0.6630, acc: 0.7176
loss: 0.6622, acc: 0.7181
loss: 0.6620, acc: 0.7186
loss: 0.6619, acc: 0.7187
loss: 0.6622, acc: 0.7177
loss: 0.6613, acc: 0.7178
loss: 0.6605, acc: 0.7189
loss: 0.6589, acc: 0.7194
loss: 0.6589, acc: 0.7198
loss: 0.6601, acc: 0.7195
loss: 0.6623, acc: 0.7179
loss: 0.6633, acc: 0.7180
loss: 0.6632, acc: 0.7181
loss: 0.6634, acc: 0.7179
loss: 0.6628, acc: 0.7183
loss: 0.6631, acc: 0.7190
loss: 0.6639, acc: 0.7188
loss: 0.6649, acc: 0.7179
loss: 0.6672, acc: 0.7162
loss: 0.6656, acc: 0.7172
loss: 0.6664, acc: 0.7164
loss: 0.6669, acc: 0.7168
loss: 0.6665, acc: 0.7172
loss: 0.6655, acc: 0.7170
loss: 0.6649, acc: 0.7168
> val_acc: 0.7393, val_f1: 0.5805
>> saved: output/train/state_dict/atae_lstm_restaurant_val_acc_0.7393_e7
>>>>>>>>>>>>>>>>>>>>>>>>>>>>>>>>>>>>>>>>>>>>>>>>>>>>>>>>>>>>>>>>>>>>>>>>>>>>>>>>>>>>>>>>>>>>>>>>>>>>
epoch: 8
loss: 0.4037, acc: 0.8750
loss: 0.7023, acc: 0.6964
loss: 0.6167, acc: 0.7396
loss: 0.6428, acc: 0.7206
loss: 0.6458, acc: 0.7102
loss: 0.6613, acc: 0.7130
loss: 0.6506, acc: 0.7109
loss: 0.6471, acc: 0.7196
loss: 0.6441, acc: 0.7143
loss: 0.6434, acc: 0.7154
loss: 0.6611, acc: 0.7115
loss: 0.6537, acc: 0.7149
loss: 0.6541, acc: 0.7157
loss: 0.6492, acc: 0.7183
loss: 0.6528, acc: 0.7153
loss: 0.6600, acc: 0.7094
loss: 0.6548, acc: 0.7165
loss: 0.6555, acc: 0.7170
loss: 0.6551, acc: 0.7160
loss: 0.6487, acc: 0.7178
loss: 0.6556, acc: 0.7194
loss: 0.6544, acc: 0.7208
loss: 0.6518, acc: 0.7210
loss: 0.6526, acc: 0.7190
loss: 0.6461, acc: 0.7203
loss: 0.6511, acc: 0.7185
loss: 0.6602, acc: 0.7140
loss: 0.6533, acc: 0.7172
loss: 0.6532, acc: 0.7183
loss: 0.6491, acc: 0.7194
loss: 0.6531, acc: 0.7204
loss: 0.6535, acc: 0.7189
loss: 0.6567, acc: 0.7168
loss: 0.6615, acc: 0.7156
loss: 0.6589, acc: 0.7180
loss: 0.6547, acc: 0.7210
loss: 0.6586, acc: 0.7177
loss: 0.6598, acc: 0.7186
loss: 0.6566, acc: 0.7214
loss: 0.6566, acc: 0.7202
loss: 0.6542, acc: 0.7215
loss: 0.6513, acc: 0.7246
loss: 0.6463, acc: 0.7276
loss: 0.6413, acc: 0.7293
loss: 0.6428, acc: 0.7292
loss: 0.6464, acc: 0.7280
loss: 0.6490, acc: 0.7258
loss: 0.6528, acc: 0.7231
loss: 0.6532, acc: 0.7221
loss: 0.6536, acc: 0.7232
loss: 0.6514, acc: 0.7247
loss: 0.6511, acc: 0.7247
loss: 0.6526, acc: 0.7242
loss: 0.6551, acc: 0.7210
loss: 0.6580, acc: 0.7188
loss: 0.6581, acc: 0.7175
loss: 0.6579, acc: 0.7176
loss: 0.6569, acc: 0.7195
loss: 0.6557, acc: 0.7200
loss: 0.6517, acc: 0.7222
loss: 0.6528, acc: 0.7210
loss: 0.6526, acc: 0.7211
loss: 0.6531, acc: 0.7212
loss: 0.6557, acc: 0.7192
loss: 0.6565, acc: 0.7193
loss: 0.6551, acc: 0.7206
loss: 0.6557, acc: 0.7199
loss: 0.6558, acc: 0.7203
loss: 0.6549, acc: 0.7211
loss: 0.6554, acc: 0.7208
loss: 0.6533, acc: 0.7230
loss: 0.6549, acc: 0.7206
loss: 0.6557, acc: 0.7189
loss: 0.6558, acc: 0.7197
loss: 0.6527, acc: 0.7211
loss: 0.6526, acc: 0.7215
loss: 0.6529, acc: 0.7209
loss: 0.6504, acc: 0.7225
loss: 0.6501, acc: 0.7232
loss: 0.6529, acc: 0.7220
loss: 0.6534, acc: 0.7217
loss: 0.6508, acc: 0.7239
loss: 0.6472, acc: 0.7254
loss: 0.6474, acc: 0.7248
loss: 0.6467, acc: 0.7251
loss: 0.6471, acc: 0.7266
loss: 0.6458, acc: 0.7274
loss: 0.6476, acc: 0.7263
loss: 0.6494, acc: 0.7260
